<?xml version="1.0" encoding="UTF-8"?>
<!-- Generated by org.testng.reporters.JUnitReportReporter -->
<testsuite hostname="DESKTOP-LDBMULO" failures="0" tests="1" name="testCases.TC_001_AccountRegistrationTest" time="6.597" errors="0" timestamp="2023-04-10T11:32:51 CDT" skipped="0">
  <testcase classname="testCases.TC_001_AccountRegistrationTest" name="test_accountRegistration" time="6.597"/>
  <system-out/>
</testsuite> <!-- testCases.TC_001_AccountRegistrationTest -->
