<?xml version="1.0" encoding="UTF-8"?>
<!-- Generated by org.testng.reporters.JUnitReportReporter -->
<testsuite hostname="DESKTOP-LDBMULO" failures="0" tests="1" name="testCases.TC_001_AccountRegistrationTest" time="5.606" errors="0" timestamp="2023-04-10T13:00:07 CDT" skipped="0">
  <testcase classname="testCases.TC_001_AccountRegistrationTest" name="test_accountRegistration" time="5.606"/>
  <system-out/>
</testsuite> <!-- testCases.TC_001_AccountRegistrationTest -->
