<?xml version="1.0" encoding="UTF-8"?>
<!-- Generated by org.testng.reporters.JUnitReportReporter -->
<testsuite hostname="DESKTOP-LDBMULO" failures="0" tests="1" name="testCases.TC_002_LoginTest" time="1.052" errors="0" timestamp="2022-11-23T01:16:18 CST" skipped="0">
  <testcase classname="testCases.TC_002_LoginTest" name="test_Login" time="1.052"/>
  <system-out/>
</testsuite> <!-- testCases.TC_002_LoginTest -->
